[0.0570] INFO:Opened log file Urho3D.log
[0.0570] INFO:Created 3 worker threads
[0.0570] INFO:Added resource path E:/Code/NagaEngine/Urho3D/Bin/CoreData/
[0.0570] INFO:Added resource path E:/Code/NagaEngine/Urho3D/Bin/Data/
[0.1550] INFO:Created Direct3D9 device
[0.1560] INFO:Set screen mode 1024x768 windowed resizable
[0.1560] INFO:Initialized input
[0.1560] INFO:Initialized user interface
[0.1560] DEBUG:#### Loading resource Textures/Ramp.png ####
[0.1570] DEBUG:#### Loading resource Textures/Ramp.xml ####
[0.1570] DEBUG:#### Textures/Ramp.xml loaded, time cost = 0(MS) ####
[0.1570] DEBUG:#### Textures/Ramp.png loaded, time cost = 1(MS) ####
[0.1570] DEBUG:#### Loading resource Textures/Spot.png ####
[0.1580] DEBUG:#### Loading resource Textures/Spot.xml ####
[0.1580] DEBUG:#### Textures/Spot.xml loaded, time cost = 0(MS) ####
[0.1590] DEBUG:#### Textures/Spot.png loaded, time cost = 2(MS) ####
[0.1590] DEBUG:#### Loading resource Materials/Default.xml ####
[0.1590] DEBUG:#### Loading resource Techniques/NoTexture.xml ####
[0.1590] DEBUG:#### Techniques/NoTexture.xml loaded, time cost = 0(MS) ####
[0.1600] DEBUG:#### Materials/Default.xml loaded, time cost = 1(MS) ####
[0.1600] DEBUG:#### Loading resource RenderPaths/Forward.xml ####
[0.1600] DEBUG:#### RenderPaths/Forward.xml loaded, time cost = 0(MS) ####
[0.1690] INFO:Initialized renderer
[0.2270] INFO:Set audio mode 44100 Hz stereo interpolated
[0.2320] DEBUG:#### Loading resource UI/MessageBox.xml ####
[0.2330] DEBUG:#### UI/MessageBox.xml loaded, time cost = 0(MS) ####
[0.2330] DEBUG:Loading UI layout UI/MessageBox.xml
[0.4470] DEBUG:#### Loading resource Scripts/Animation.as ####
[0.4880] INFO:Scripts/AnimationDebug.as:166,1 Compiling void HandleReplaySliderChanged(StringHash, VariantMap&inout)
[0.4880] WARNING:Scripts/AnimationDebug.as:169,18 Float value truncated in implicit conversion to integer
[0.5100] INFO:Scripts/Animation.as:441,1 Compiling void OnUpdateIdle(float)
[0.5100] WARNING:Scripts/Animation.as:474,56 Float value truncated in implicit conversion to integer
[0.5110] WARNING:Scripts/Animation.as:476,55 Float value truncated in implicit conversion to integer
[0.5160] INFO:Compiled script module Scripts/Animation.as
[0.5160] DEBUG:#### Scripts/Animation.as loaded, time cost = 69(MS) ####
---------------------- Script Start ----------------------
[0.5170] DEBUG:Started watching path E:/Code/NagaEngine/Urho3D/Bin/CoreData/
[0.5170] DEBUG:Started watching path E:/Code/NagaEngine/Urho3D/Bin/Data/
[0.5170] DEBUG:#### Loading resource Textures/LogoLarge.jpg ####
[0.6870] DEBUG:#### Loading resource Textures/LogoLarge.xml ####
[0.6870] DEBUG:#### Textures/LogoLarge.xml loaded, time cost = 0(MS) ####
[0.7440] DEBUG:#### Textures/LogoLarge.jpg loaded, time cost = 226(MS) ####
[0.7440] DEBUG:#### Loading resource Textures/LogoLarge.png ####
[0.7580] DEBUG:#### Textures/LogoLarge.png loaded, time cost = 13(MS) ####
[0.7690] DEBUG:#### Loading resource UI/DefaultStyle.xml ####
[0.7690] DEBUG:#### UI/DefaultStyle.xml loaded, time cost = 0(MS) ####
[0.7700] DEBUG:#### Loading resource Fonts/Anonymous Pro.ttf ####
[0.7710] DEBUG:#### Fonts/Anonymous Pro.ttf loaded, time cost = 0(MS) ####
[0.7710] DEBUG:Font face Anonymous Pro (11pt) has 624 glyphs
[0.8470] DEBUG:Font face Anonymous Pro (11pt) uses a static page texture of size 512x256
[0.8530] DEBUG:#### Loading resource Textures/UI.png ####
[0.8560] DEBUG:#### Loading resource Textures/UI.xml ####
[0.8560] DEBUG:#### Textures/UI.xml loaded, time cost = 0(MS) ####
[0.8570] DEBUG:#### Textures/UI.png loaded, time cost = 4(MS) ####
[0.8590] DEBUG:#### Loading resource Fonts/ubuntu_mono.fnt ####
[0.8590] DEBUG:#### Fonts/ubuntu_mono.fnt loaded, time cost = 0(MS) ####
[0.8630] DEBUG:Bitmap font face ubuntu_mono has 102 glyphs
[0.8640] DEBUG:#### Loading resource UI/AnimationControlWindow.xml ####
[0.8640] DEBUG:#### UI/AnimationControlWindow.xml loaded, time cost = 0(MS) ####
[0.8640] DEBUG:Loading UI layout UI/AnimationControlWindow.xml
[0.8670] INFO:Loading scene from E:/Code/NagaEngine/Urho3D/Bin/Data/Scenes/testScene.xml
[0.8680] DEBUG:#### Loading resource Models/Box.mdl ####
[0.8690] DEBUG:#### Models/Box.mdl loaded, time cost = 1(MS) ####
[0.8690] DEBUG:#### Loading resource Materials/Skybox.xml ####
[0.8700] DEBUG:#### Loading resource Techniques/DiffSkybox.xml ####
[0.8700] DEBUG:#### Techniques/DiffSkybox.xml loaded, time cost = 0(MS) ####
[0.8700] DEBUG:#### Loading resource Textures/Skybox.xml ####
[0.8700] DEBUG:#### Loading resource Textures/BrightDay1_PosX.dds ####
[0.8710] DEBUG:#### Textures/BrightDay1_PosX.dds loaded, time cost = 1(MS) ####
[0.8720] DEBUG:#### Loading resource Textures/BrightDay1_NegX.dds ####
[0.8730] DEBUG:#### Textures/BrightDay1_NegX.dds loaded, time cost = 1(MS) ####
[0.8740] DEBUG:#### Loading resource Textures/BrightDay1_PosY.dds ####
[0.8740] DEBUG:#### Textures/BrightDay1_PosY.dds loaded, time cost = 0(MS) ####
[0.8750] DEBUG:#### Loading resource Textures/BrightDay1_NegY.dds ####
[0.8760] DEBUG:#### Textures/BrightDay1_NegY.dds loaded, time cost = 1(MS) ####
[0.8770] DEBUG:#### Loading resource Textures/BrightDay1_PosZ.dds ####
[0.8780] DEBUG:#### Textures/BrightDay1_PosZ.dds loaded, time cost = 1(MS) ####
[0.8790] DEBUG:#### Loading resource Textures/BrightDay1_NegZ.dds ####
[0.8790] DEBUG:#### Textures/BrightDay1_NegZ.dds loaded, time cost = 0(MS) ####
[0.8800] DEBUG:#### Textures/Skybox.xml loaded, time cost = 10(MS) ####
[0.8800] DEBUG:#### Materials/Skybox.xml loaded, time cost = 11(MS) ####
[0.8810] DEBUG:#### Loading resource Materials/StoneTiled.xml ####
[0.8810] DEBUG:#### Loading resource Techniques/DiffNormalPacked.xml ####
[0.8810] DEBUG:#### Techniques/DiffNormalPacked.xml loaded, time cost = 0(MS) ####
[0.8810] DEBUG:#### Loading resource Techniques/Diff.xml ####
[0.8810] DEBUG:#### Techniques/Diff.xml loaded, time cost = 0(MS) ####
[0.8820] DEBUG:#### Loading resource Textures/StoneDiffuse.dds ####
[0.8840] DEBUG:#### Textures/StoneDiffuse.dds loaded, time cost = 2(MS) ####
[0.8840] DEBUG:#### Loading resource Textures/StoneNormal.dds ####
[0.8880] DEBUG:#### Textures/StoneNormal.dds loaded, time cost = 4(MS) ####
[0.8880] DEBUG:#### Materials/StoneTiled.xml loaded, time cost = 7(MS) ####
[0.8880] DEBUG:#### Loading resource monk/monk.mdl ####
[0.8930] DEBUG:#### monk/monk.mdl loaded, time cost = 4(MS) ####
[0.8930] DEBUG:#### Loading resource monk/monk_rig.hkx ####
[0.8940] DEBUG:#### monk/monk_rig.hkx loaded, time cost = 1(MS) ####
[0.8940] INFO:hkaPose::getRequiredMemorySize = 6400
[0.8950] DEBUG:#### Loading resource monk/monk_head.xml ####
[0.8950] DEBUG:#### Loading resource Techniques/DiffNormalSpec.xml ####
[0.8950] DEBUG:#### Techniques/DiffNormalSpec.xml loaded, time cost = 0(MS) ####
[0.8960] DEBUG:#### Loading resource monk/Monk_Head_D.DDS ####
[0.8970] DEBUG:#### monk/Monk_Head_D.DDS loaded, time cost = 1(MS) ####
[0.8980] DEBUG:#### Loading resource monk/Monk_Head_N.DDS ####
[0.8990] DEBUG:#### monk/Monk_Head_N.DDS loaded, time cost = 1(MS) ####
[0.8990] DEBUG:#### Loading resource monk/Monk_Head_S.DDS ####
[0.9000] DEBUG:#### monk/Monk_Head_S.DDS loaded, time cost = 0(MS) ####
[0.9000] DEBUG:#### monk/monk_head.xml loaded, time cost = 5(MS) ####
[0.9000] DEBUG:#### Loading resource monk/monk_hair.xml ####
[0.9010] DEBUG:#### Loading resource Techniques/DiffNormalSpecAlphaMask.xml ####
[0.9010] DEBUG:#### Techniques/DiffNormalSpecAlphaMask.xml loaded, time cost = 0(MS) ####
[0.9020] DEBUG:#### Loading resource monk/Monk_Hair_D.DDS ####
[0.9020] DEBUG:#### monk/Monk_Hair_D.DDS loaded, time cost = 0(MS) ####
[0.9030] DEBUG:#### Loading resource monk/Monk_Hair_N.DDS ####
[0.9030] DEBUG:#### monk/Monk_Hair_N.DDS loaded, time cost = 0(MS) ####
[0.9040] DEBUG:#### Loading resource monk/Monk_Hair_S.DDS ####
[0.9040] DEBUG:#### monk/Monk_Hair_S.DDS loaded, time cost = 0(MS) ####
[0.9050] DEBUG:#### monk/monk_hair.xml loaded, time cost = 4(MS) ####
[0.9050] DEBUG:#### Loading resource monk/monk_armor.xml ####
[0.9050] DEBUG:#### Loading resource monk/monk_d.DDS ####
[0.9080] DEBUG:#### monk/monk_d.DDS loaded, time cost = 3(MS) ####
[0.9080] DEBUG:#### Loading resource monk/monk_n.DDS ####
[0.9110] DEBUG:#### monk/monk_n.DDS loaded, time cost = 3(MS) ####
[0.9120] DEBUG:#### Loading resource monk/monk_s.DDS ####
[0.9120] DEBUG:#### monk/monk_s.DDS loaded, time cost = 0(MS) ####
[0.9130] DEBUG:#### monk/monk_armor.xml loaded, time cost = 8(MS) ####
[0.9130] DEBUG:#### Loading resource monk/monk_body.xml ####
[0.9130] DEBUG:#### Loading resource monk/MonkBody_D.DDS ####
[0.9160] DEBUG:#### monk/MonkBody_D.DDS loaded, time cost = 3(MS) ####
[0.9160] DEBUG:#### Loading resource monk/MonkBody_N.DDS ####
[0.9190] DEBUG:#### monk/MonkBody_N.DDS loaded, time cost = 3(MS) ####
[0.9190] DEBUG:#### Loading resource monk/MonkBody_S.DDS ####
[0.9200] DEBUG:#### monk/MonkBody_S.DDS loaded, time cost = 1(MS) ####
[0.9200] DEBUG:#### monk/monk_body.xml loaded, time cost = 7(MS) ####
[0.9210] INFO:hkaPose::getRequiredMemorySize = 6400
[0.9220] DEBUG:#### Loading resource Models/Sphere.mdl ####
[0.9220] DEBUG:#### Models/Sphere.mdl loaded, time cost = 0(MS) ####
[0.9220] DEBUG:#### Loading resource Json/BoxShape.json ####
[0.9230] DEBUG:#### Json/BoxShape.json loaded, time cost = 0(MS) ####
[0.9230] INFO:hkaPose::getRequiredMemorySize = 6400
[0.9240] DEBUG:#### Loading resource Json/CharacerShape.json ####
[0.9240] DEBUG:#### Json/CharacerShape.json loaded, time cost = 0(MS) ####
[0.9250] DEBUG:#### Loading resource Json/Monk_Animation_FSM.json ####
[0.9250] DEBUG:type = 2, state num = 8
[0.9250] DEBUG:#### Loading resource monk/animations/monk_stand_idle.hkx ####
[0.9260] DEBUG:loaded animation monk/animations/monk_stand_idle.hkx, length = 0.04, frames = 1
[0.9260] DEBUG:ResourceDependency monk/animations/monk_stand_idle.hkx ---> monk/animations/monk_stand_idle.json
[0.9270] ERROR:HavokAnimation Zero sized JSON data in monk/animations/monk_stand_idle.json
[0.9270] DEBUG:#### monk/animations/monk_stand_idle.hkx loaded, time cost = 2(MS) ####
[0.9270] DEBUG:#### Loading resource monk/animations/monk_run_0.hkx ####
[0.9280] DEBUG:loaded animation monk/animations/monk_run_0.hkx, length = 0.67, frames = 20
[0.9280] DEBUG:ResourceDependency monk/animations/monk_run_0.hkx ---> monk/animations/monk_run_0.json
[0.9290] DEBUG:loaded animation trigger id: LeftFoot, time 0.000, type: Beat
[0.9290] DEBUG:loaded animation trigger id: RightFoot, time 0.200, type: Beat
[0.9290] DEBUG:#### monk/animations/monk_run_0.hkx loaded, time cost = 2(MS) ####
[0.9290] DEBUG:#### Loading resource monk/animations/monk_run_180.hkx ####
[0.9300] DEBUG:loaded animation monk/animations/monk_run_180.hkx, length = 1.00, frames = 30
[0.9310] DEBUG:ResourceDependency monk/animations/monk_run_180.hkx ---> monk/animations/monk_run_180.json
[0.9310] DEBUG:loaded animation trigger id: Continue, time 0.500, type: Event
[0.9310] DEBUG:loaded animation trigger id: RightFoot, time 0.500, type: Beat
[0.9310] DEBUG:loaded animation trigger id: LeftFoot, time 0.767, type: Beat
[0.9310] DEBUG:#### monk/animations/monk_run_180.hkx loaded, time cost = 2(MS) ####
[0.9310] DEBUG:#### Loading resource monk/animations/monk_stand_to_run_0.hkx ####
[0.9330] DEBUG:loaded animation monk/animations/monk_stand_to_run_0.hkx, length = 0.80, frames = 24
[0.9330] DEBUG:ResourceDependency monk/animations/monk_stand_to_run_0.hkx ---> monk/animations/monk_stand_to_run_0.json
[0.9330] DEBUG:loaded animation trigger id: RightFoot, time 0.400, type: Beat
[0.9330] DEBUG:#### monk/animations/monk_stand_to_run_0.hkx loaded, time cost = 1(MS) ####
[0.9340] DEBUG:#### Loading resource monk/animations/monk_stand_to_run_45.hkx ####
[0.9350] DEBUG:loaded animation monk/animations/monk_stand_to_run_45.hkx, length = 0.67, frames = 20
[0.9350] DEBUG:ResourceDependency monk/animations/monk_stand_to_run_45.hkx ---> monk/animations/monk_stand_to_run_45.json
[0.9350] DEBUG:loaded animation trigger id: RightFoot, time 0.433, type: Beat
[0.9350] DEBUG:#### monk/animations/monk_stand_to_run_45.hkx loaded, time cost = 1(MS) ####
[0.9350] DEBUG:#### Loading resource monk/animations/monk_stand_to_run_90.hkx ####
[0.9370] DEBUG:loaded animation monk/animations/monk_stand_to_run_90.hkx, length = 0.67, frames = 20
[0.9370] DEBUG:ResourceDependency monk/animations/monk_stand_to_run_90.hkx ---> monk/animations/monk_stand_to_run_90.json
[0.9370] DEBUG:loaded animation trigger id: RightFoot, time 0.433, type: Beat
[0.9370] DEBUG:#### monk/animations/monk_stand_to_run_90.hkx loaded, time cost = 1(MS) ####
[0.9380] DEBUG:#### Loading resource monk/animations/monk_stand_to_run_135.hkx ####
[0.9390] DEBUG:loaded animation monk/animations/monk_stand_to_run_135.hkx, length = 1.13, frames = 33
[0.9390] DEBUG:ResourceDependency monk/animations/monk_stand_to_run_135.hkx ---> monk/animations/monk_stand_to_run_135.json
[0.9400] DEBUG:loaded animation trigger id: RightFoot, time 0.433, type: Beat
[0.9400] DEBUG:loaded animation trigger id: LeftFoot, time 0.667, type: Beat
[0.9400] DEBUG:#### monk/animations/monk_stand_to_run_135.hkx loaded, time cost = 2(MS) ####
[0.9400] DEBUG:#### Loading resource monk/animations/monk_stand_to_run_180.hkx ####
[0.9410] DEBUG:loaded animation monk/animations/monk_stand_to_run_180.hkx, length = 1.13, frames = 33
[0.9410] DEBUG:ResourceDependency monk/animations/monk_stand_to_run_180.hkx ---> monk/animations/monk_stand_to_run_180.json
[0.9420] DEBUG:loaded animation trigger id: RightFoot, time 0.500, type: Beat
[0.9420] DEBUG:loaded animation trigger id: LeftFoot, time 0.733, type: Beat
[0.9420] DEBUG:#### monk/animations/monk_stand_to_run_180.hkx loaded, time cost = 2(MS) ####
[0.9420] DEBUG:#### Loading resource monk/animations/monk_run_to_stand.hkx ####
[0.9440] DEBUG:loaded animation monk/animations/monk_run_to_stand.hkx, length = 1.13, frames = 33
[0.9440] DEBUG:ResourceDependency monk/animations/monk_run_to_stand.hkx ---> monk/animations/monk_run_to_stand.json
[0.9440] DEBUG:loaded animation trigger id: Continue, time 0.500, type: Event
[0.9440] DEBUG:#### monk/animations/monk_run_to_stand.hkx loaded, time cost = 2(MS) ####
[0.9450] DEBUG:#### Loading resource monk/animations/monk_walk_0.hkx ####
[0.9460] DEBUG:loaded animation monk/animations/monk_walk_0.hkx, length = 1.33, frames = 40
[0.9460] DEBUG:ResourceDependency monk/animations/monk_walk_0.hkx ---> monk/animations/monk_walk_0.json
[0.9470] DEBUG:loaded animation trigger id: LeftFoot, time 0.000, type: Beat
[0.9470] DEBUG:loaded animation trigger id: RightFoot, time 0.333, type: Beat
[0.9470] DEBUG:loaded animation trigger id: LeftFoot, time 0.667, type: Beat
[0.9470] DEBUG:#### monk/animations/monk_walk_0.hkx loaded, time cost = 2(MS) ####
[0.9470] DEBUG:#### Loading resource monk/animations/monk_stand_to_walk_0.hkx ####
[0.9490] DEBUG:loaded animation monk/animations/monk_stand_to_walk_0.hkx, length = 1.33, frames = 40
[0.9490] DEBUG:ResourceDependency monk/animations/monk_stand_to_walk_0.hkx ---> monk/animations/monk_stand_to_walk_0.json
[0.9490] DEBUG:loaded animation trigger id: LeftFoot, time 0.000, type: Beat
[0.9490] DEBUG:loaded animation trigger id: RightFoot, time 0.400, type: Beat
[0.9500] DEBUG:loaded animation trigger id: LeftFoot, time 0.933, type: Beat
[0.9500] DEBUG:#### monk/animations/monk_stand_to_walk_0.hkx loaded, time cost = 3(MS) ####
[0.9500] DEBUG:#### Loading resource monk/animations/monk_stand_to_walk_45.hkx ####
[0.9520] DEBUG:loaded animation monk/animations/monk_stand_to_walk_45.hkx, length = 2.37, frames = 70
[0.9520] DEBUG:ResourceDependency monk/animations/monk_stand_to_walk_45.hkx ---> monk/animations/monk_stand_to_walk_45.json
[0.9520] DEBUG:loaded animation trigger id: RightFoot, time 0.633, type: Beat
[0.9520] DEBUG:loaded animation trigger id: LeftFoot, time 1.233, type: Beat
[0.9520] DEBUG:#### monk/animations/monk_stand_to_walk_45.hkx loaded, time cost = 2(MS) ####
[0.9530] DEBUG:#### Loading resource monk/animations/monk_stand_to_walk_90.hkx ####
[0.9540] DEBUG:loaded animation monk/animations/monk_stand_to_walk_90.hkx, length = 2.37, frames = 70
[0.9550] DEBUG:ResourceDependency monk/animations/monk_stand_to_walk_90.hkx ---> monk/animations/monk_stand_to_walk_90.json
[0.9550] DEBUG:loaded animation trigger id: RightFoot, time 0.600, type: Beat
[0.9550] DEBUG:loaded animation trigger id: LeftFoot, time 1.233, type: Beat
[0.9550] DEBUG:#### monk/animations/monk_stand_to_walk_90.hkx loaded, time cost = 2(MS) ####
[0.9550] DEBUG:#### Loading resource monk/animations/monk_stand_to_walk_135.hkx ####
[0.9570] DEBUG:loaded animation monk/animations/monk_stand_to_walk_135.hkx, length = 2.40, frames = 72
[0.9570] DEBUG:ResourceDependency monk/animations/monk_stand_to_walk_135.hkx ---> monk/animations/monk_stand_to_walk_135.json
[0.9580] DEBUG:loaded animation trigger id: RightFoot, time 0.633, type: Beat
[0.9580] DEBUG:loaded animation trigger id: LeftFoot, time 1.267, type: Beat
[0.9580] DEBUG:loaded animation trigger id: RightFoot, time 1.767, type: Beat
[0.9580] DEBUG:#### monk/animations/monk_stand_to_walk_135.hkx loaded, time cost = 2(MS) ####
[0.9580] DEBUG:#### Loading resource monk/animations/monk_stand_to_walk_180.hkx ####
[0.9600] DEBUG:loaded animation monk/animations/monk_stand_to_walk_180.hkx, length = 2.40, frames = 72
[0.9600] DEBUG:ResourceDependency monk/animations/monk_stand_to_walk_180.hkx ---> monk/animations/monk_stand_to_walk_180.json
[0.9610] DEBUG:loaded animation trigger id: RightFoot, time 0.467, type: Beat
[0.9610] DEBUG:loaded animation trigger id: LeftFoot, time 1.100, type: Beat
[0.9610] DEBUG:loaded animation trigger id: RightFoot, time 1.667, type: Beat
[0.9610] DEBUG:#### monk/animations/monk_stand_to_walk_180.hkx loaded, time cost = 3(MS) ####
[0.9610] DEBUG:#### Loading resource monk/animations/monk_walk_180.hkx ####
[0.9630] DEBUG:loaded animation monk/animations/monk_walk_180.hkx, length = 2.38, frames = 71
[0.9630] DEBUG:ResourceDependency monk/animations/monk_walk_180.hkx ---> monk/animations/monk_walk_180.json
[0.9640] DEBUG:loaded animation trigger id: Continue, time 0.667, type: Event
[0.9640] DEBUG:loaded animation trigger id: RightFoot, time 0.667, type: Beat
[0.9640] DEBUG:loaded animation trigger id: LeftFoot, time 1.267, type: Beat
[0.9640] DEBUG:loaded animation trigger id: RightFoot, time 1.800, type: Beat
[0.9640] DEBUG:#### monk/animations/monk_walk_180.hkx loaded, time cost = 3(MS) ####
[0.9640] DEBUG:type = 2, state num = 1
[0.9650] DEBUG:#### Loading resource monk/animations/monk_stand_additive.hkx ####
[0.9680] DEBUG:loaded animation monk/animations/monk_stand_additive.hkx, length = 5.67, frames = 169
[0.9680] DEBUG:ResourceDependency monk/animations/monk_stand_additive.hkx ---> monk/animations/monk_stand_additive.json
[0.9680] WARNING:animation file no json trigger.
[0.9680] DEBUG:#### monk/animations/monk_stand_additive.hkx loaded, time cost = 3(MS) ####
[0.9690] DEBUG:#### Loading resource monk/animations/monk_run_additive.hkx ####
[0.9740] DEBUG:loaded animation monk/animations/monk_run_additive.hkx, length = 8.33, frames = 249
[0.9740] DEBUG:ResourceDependency monk/animations/monk_run_additive.hkx ---> monk/animations/monk_run_additive.json
[0.9740] WARNING:animation file no json trigger.
[0.9740] DEBUG:#### monk/animations/monk_run_additive.hkx loaded, time cost = 5(MS) ####
[0.9740] DEBUG:blendtree load parentNodeId = -1, name = Root, id = 0
[0.9740] DEBUG:blendtree load parentNodeId = 0, name = NULL, id = 1
[0.9740] DEBUG:blendtree load parentNodeId = 0, name = NULL, id = 2
[0.9740] DEBUG:node type: Binary Blend, child num: 2, blend num: 0, slot: -1
child indices = 1 2 
node type: Animation Source, child num: 0, blend num: 0, slot: 0
node type: Animation Source, child num: 0, blend num: 0, slot: 1

[0.9740] DEBUG:dummping state layer 0
[0.9740] DEBUG:state[0] = IdleState
[0.9750] DEBUG:state[1] = MoveState
[0.9750] DEBUG:state[2] = RunTurn180State
[0.9750] DEBUG:state[3] = StandToRunState
[0.9750] DEBUG:state[4] = RunToStandState
[0.9750] DEBUG:state[5] = WalkState
[0.9750] DEBUG:state[6] = StandToWalkState
[0.9750] DEBUG:state[7] = WalkTurn180State
[0.9750] DEBUG:dummping state layer 1
[0.9750] DEBUG:state[0] = AdditveState
[0.9750] DEBUG:#### Json/Monk_Animation_FSM.json loaded, time cost = 50(MS) ####
[0.9750] DEBUG:#### Loading resource Materials/JackEnvMap.xml ####
[0.9760] DEBUG:#### Loading resource Techniques/NoTextureEnvCube.xml ####
[0.9760] DEBUG:#### Techniques/NoTextureEnvCube.xml loaded, time cost = 0(MS) ####
[0.9760] DEBUG:#### Materials/JackEnvMap.xml loaded, time cost = 0(MS) ####
[0.9760] DEBUG:#### Loading resource Materials/Particle.xml ####
[0.9770] DEBUG:#### Loading resource Techniques/DiffVColAdd.xml ####
[0.9770] DEBUG:#### Techniques/DiffVColAdd.xml loaded, time cost = 0(MS) ####
[0.9770] DEBUG:#### Loading resource Textures/Flare.dds ####
[0.9780] DEBUG:#### Textures/Flare.dds loaded, time cost = 1(MS) ####
[0.9780] DEBUG:#### Materials/Particle.xml loaded, time cost = 1(MS) ####
[0.9790] DEBUG:#### Loading resource Materials/Smoke.xml ####
[0.9790] DEBUG:#### Loading resource Techniques/DiffVColUnlitAlpha.xml ####
[0.9790] DEBUG:#### Techniques/DiffVColUnlitAlpha.xml loaded, time cost = 0(MS) ####
[0.9790] DEBUG:#### Loading resource Textures/Smoke.dds ####
[0.9800] DEBUG:#### Textures/Smoke.dds loaded, time cost = 1(MS) ####
[0.9800] DEBUG:#### Materials/Smoke.xml loaded, time cost = 1(MS) ####
[0.9800] DEBUG:#### Loading resource Materials/GreenUnlit.xml ####
[0.9810] DEBUG:#### Loading resource Techniques/NoTextureOverlay.xml ####
[0.9810] DEBUG:#### Techniques/NoTextureOverlay.xml loaded, time cost = 0(MS) ####
[0.9810] DEBUG:#### Materials/GreenUnlit.xml loaded, time cost = 0(MS) ####
[0.9840] ERROR:Havok_errorReport: hkVisualDebugger.cpp(37): [0x1293ADEF] Report: VDB Server instance has been created
[1.0010] ERROR:Havok_errorReport: System\Io\Platform\Bsd\hkBsdSocket.cpp(418): [0x1293ADE8] Report: Listening on host[WINDOWS-QJ8L2L2] port 25001
[1.0010] ERROR:Havok_errorReport: hkVisualDebugger.cpp(111): [0x1293ADE8] Report: Server created and will poll for new client(s) on port 25001 every frame
[1.0050] DEBUG:Mirroring Animation [monk/animations/monk_stand_to_run_135.hkx]
[1.0050] DEBUG:loaded animation trigger id: RightFoot, time 0.433, type: Beat
[1.0050] DEBUG:loaded animation trigger id: LeftFoot, time 0.667, type: Beat
[1.0090] DEBUG:Mirroring Animation [monk/animations/monk_stand_to_run_90.hkx]
[1.0090] DEBUG:loaded animation trigger id: RightFoot, time 0.433, type: Beat
[1.0130] DEBUG:Mirroring Animation [monk/animations/monk_stand_to_run_45.hkx]
[1.0130] DEBUG:loaded animation trigger id: RightFoot, time 0.433, type: Beat
[1.0160] DEBUG:Mirroring Animation [monk/animations/monk_stand_to_walk_135.hkx]
[1.0170] DEBUG:loaded animation trigger id: RightFoot, time 0.633, type: Beat
[1.0170] DEBUG:loaded animation trigger id: LeftFoot, time 1.267, type: Beat
[1.0170] DEBUG:loaded animation trigger id: RightFoot, time 1.767, type: Beat
[1.0200] DEBUG:Mirroring Animation [monk/animations/monk_stand_to_walk_90.hkx]
[1.0200] DEBUG:loaded animation trigger id: RightFoot, time 0.600, type: Beat
[1.0200] DEBUG:loaded animation trigger id: LeftFoot, time 1.233, type: Beat
[1.0240] DEBUG:Mirroring Animation [monk/animations/monk_stand_to_walk_45.hkx]
[1.0240] DEBUG:loaded animation trigger id: RightFoot, time 0.633, type: Beat
[1.0240] DEBUG:loaded animation trigger id: LeftFoot, time 1.233, type: Beat
[1.0240] DEBUG:[NULL] ---> [IdleState], t[$Any]
[1.0240] DEBUG:[NULL] ---> [AdditveState], t[$Any]
[1.0250] DEBUG:#### Loading resource PostProcess/ColorCorrection.xml ####
[1.0250] DEBUG:#### PostProcess/ColorCorrection.xml loaded, time cost = 0(MS) ####
[1.0540] INFO:Device lost
[1.0570] DEBUG:Window was resized to 1440x848
[1.1530] DEBUG:Reloading shaders
[1.1540] ERROR:delete component node = NULL, type = Camera
[1.1540] ERROR:delete component node = NULL, type = Camera
[1.1550] ERROR:delete component node = NULL, type = Camera
[1.1560] DEBUG:#### Loading resource Shaders/HLSL/Shadow.hlsl ####
[1.1560] DEBUG:ResourceDependency Shaders/HLSL/Shadow.hlsl ---> Shaders/HLSL/Uniforms.hlsl
[1.1570] DEBUG:ResourceDependency Shaders/HLSL/Shadow.hlsl ---> Shaders/HLSL/Samplers.hlsl
[1.1580] DEBUG:ResourceDependency Shaders/HLSL/Shadow.hlsl ---> Shaders/HLSL/Transform.hlsl
[1.1590] DEBUG:#### Shaders/HLSL/Shadow.hlsl loaded, time cost = 3(MS) ####
[1.1590] DEBUG:#### Loading resource Shaders/HLSL/LitSolid.hlsl ####
[1.1600] DEBUG:ResourceDependency Shaders/HLSL/LitSolid.hlsl ---> Shaders/HLSL/Uniforms.hlsl
[1.1600] DEBUG:ResourceDependency Shaders/HLSL/LitSolid.hlsl ---> Shaders/HLSL/Samplers.hlsl
[1.1610] DEBUG:ResourceDependency Shaders/HLSL/LitSolid.hlsl ---> Shaders/HLSL/Transform.hlsl
[1.1610] DEBUG:ResourceDependency Shaders/HLSL/LitSolid.hlsl ---> Shaders/HLSL/ScreenPos.hlsl
[1.1620] DEBUG:ResourceDependency Shaders/HLSL/LitSolid.hlsl ---> Shaders/HLSL/Lighting.hlsl
[1.1640] DEBUG:ResourceDependency Shaders/HLSL/LitSolid.hlsl ---> Shaders/HLSL/Fog.hlsl
[1.1670] DEBUG:#### Shaders/HLSL/LitSolid.hlsl loaded, time cost = 8(MS) ####
[1.1720] DEBUG:#### Loading resource Shaders/HLSL/Unlit.hlsl ####
[1.1730] DEBUG:ResourceDependency Shaders/HLSL/Unlit.hlsl ---> Shaders/HLSL/Uniforms.hlsl
[1.1730] DEBUG:ResourceDependency Shaders/HLSL/Unlit.hlsl ---> Shaders/HLSL/Samplers.hlsl
[1.1740] DEBUG:ResourceDependency Shaders/HLSL/Unlit.hlsl ---> Shaders/HLSL/Transform.hlsl
[1.1750] DEBUG:ResourceDependency Shaders/HLSL/Unlit.hlsl ---> Shaders/HLSL/Fog.hlsl
[1.1750] DEBUG:#### Shaders/HLSL/Unlit.hlsl loaded, time cost = 3(MS) ####
[1.1760] DEBUG:#### Loading resource Shaders/HLSL/Skybox.hlsl ####
[1.1770] DEBUG:ResourceDependency Shaders/HLSL/Skybox.hlsl ---> Shaders/HLSL/Uniforms.hlsl
[1.1770] DEBUG:ResourceDependency Shaders/HLSL/Skybox.hlsl ---> Shaders/HLSL/Samplers.hlsl
[1.1780] DEBUG:ResourceDependency Shaders/HLSL/Skybox.hlsl ---> Shaders/HLSL/Transform.hlsl
[1.1790] DEBUG:#### Shaders/HLSL/Skybox.hlsl loaded, time cost = 3(MS) ####
[1.1790] DEBUG:Allocated new screen buffer size 1440x848 format 113
[1.1800] DEBUG:Allocated new screen buffer size 1440x848 format 113
[1.1800] DEBUG:Loaded cached vertex shader Shadow
[1.1810] DEBUG:Loaded cached pixel shader Shadow
[1.1820] DEBUG:Loaded cached vertex shader Shadow_SKINNED
[1.1830] DEBUG:Loaded cached pixel shader Shadow_ALPHAMASK
[1.1840] DEBUG:Loaded cached vertex shader LitSolid_NORMALMAP_PERPIXEL_DIRLIGHT_SPECULAR_SHADOW
[1.1850] DEBUG:Loaded cached pixel shader LitSolid_DIFFMAP_AMBIENT_NORMALMAP_PACKEDNORMAL_PERPIXEL_DIRLIGHT_SPECULAR_SHADOW_HWSHADOW
[1.1860] DEBUG:Loaded cached vertex shader LitSolid_PERPIXEL_DIRLIGHT_SPECULAR_SHADOW_INSTANCED
[1.1860] DEBUG:Loaded cached pixel shader LitSolid_AMBIENT_PERPIXEL_DIRLIGHT_SPECULAR_SHADOW_HWSHADOW
[1.1870] DEBUG:Loaded cached vertex shader LitSolid_PERPIXEL_DIRLIGHT_SPECULAR_SHADOW
[1.1880] DEBUG:Loaded cached vertex shader LitSolid_NORMALMAP_PERPIXEL_DIRLIGHT_SPECULAR_SHADOW_SKINNED
[1.1890] DEBUG:Loaded cached pixel shader LitSolid_DIFFMAP_AMBIENT_NORMALMAP_SPECMAP_PERPIXEL_DIRLIGHT_SPECULAR_SHADOW_HWSHADOW
[1.1900] DEBUG:Loaded cached pixel shader LitSolid_DIFFMAP_ALPHAMASK_AMBIENT_NORMALMAP_SPECMAP_PERPIXEL_DIRLIGHT_SPECULAR_SHADOW_HWSHADOW
[1.1900] DEBUG:Loaded cached vertex shader Skybox
[1.1910] DEBUG:Loaded cached pixel shader Skybox
[1.1920] DEBUG:#### Loading resource Textures/LUTIdentity.xml ####
[1.1920] DEBUG:#### Loading resource Textures/LUTIdentity.xml ####
[1.1920] DEBUG:#### Textures/LUTIdentity.xml loaded, time cost = 0(MS) ####
[1.1960] DEBUG:#### Textures/LUTIdentity.xml loaded, time cost = 4(MS) ####
[1.1970] DEBUG:#### Loading resource Shaders/HLSL/ColorCorrection.hlsl ####
[1.1970] DEBUG:ResourceDependency Shaders/HLSL/ColorCorrection.hlsl ---> Shaders/HLSL/Uniforms.hlsl
[1.1980] DEBUG:ResourceDependency Shaders/HLSL/ColorCorrection.hlsl ---> Shaders/HLSL/Transform.hlsl
[1.1990] DEBUG:ResourceDependency Shaders/HLSL/ColorCorrection.hlsl ---> Shaders/HLSL/Samplers.hlsl
[1.2000] DEBUG:ResourceDependency Shaders/HLSL/ColorCorrection.hlsl ---> Shaders/HLSL/ScreenPos.hlsl
[1.2000] DEBUG:ResourceDependency Shaders/HLSL/ColorCorrection.hlsl ---> Shaders/HLSL/PostProcess.hlsl
[1.2010] DEBUG:#### Shaders/HLSL/ColorCorrection.hlsl loaded, time cost = 4(MS) ####
[1.2020] DEBUG:Loaded cached vertex shader ColorCorrection
[1.2030] DEBUG:Loaded cached pixel shader ColorCorrection
[1.2050] DEBUG:#### Loading resource Shaders/HLSL/Basic.hlsl ####
[1.2060] DEBUG:ResourceDependency Shaders/HLSL/Basic.hlsl ---> Shaders/HLSL/Uniforms.hlsl
[1.2070] DEBUG:ResourceDependency Shaders/HLSL/Basic.hlsl ---> Shaders/HLSL/Samplers.hlsl
[1.2070] DEBUG:ResourceDependency Shaders/HLSL/Basic.hlsl ---> Shaders/HLSL/Transform.hlsl
[1.2090] DEBUG:#### Shaders/HLSL/Basic.hlsl loaded, time cost = 3(MS) ####
[1.2310] DEBUG:Loaded cached vertex shader Basic_VERTEXCOLOR
[1.2370] DEBUG:Loaded cached pixel shader Basic_VERTEXCOLOR
[1.2380] DEBUG:Loaded cached vertex shader Basic_DIFFMAP_VERTEXCOLOR
[1.2380] DEBUG:Loaded cached pixel shader Basic_DIFFMAP_VERTEXCOLOR
[1.2390] DEBUG:Loaded cached pixel shader Basic_DIFFMAP_ALPHAMASK_VERTEXCOLOR
[1.2400] DEBUG:Loaded cached pixel shader Basic_ALPHAMAP_VERTEXCOLOR
[1.3270] DEBUG:Loaded cached vertex shader LitSolid_ENVCUBEMAP
[1.3280] DEBUG:Loaded cached pixel shader LitSolid_ENVCUBEMAP
[1.3290] DEBUG:Loaded cached pixel shader LitSolid_PERPIXEL_DIRLIGHT_SPECULAR_SHADOW_HWSHADOW
[2.1550] DEBUG:Loaded cached vertex shader Basic
[2.1550] DEBUG:Loaded cached pixel shader Basic
[2.2110] DEBUG:Loaded cached vertex shader Unlit_VERTEXCOLOR_BILLBOARD
[2.2120] DEBUG:Loaded cached pixel shader Unlit_DIFFMAP_VERTEXCOLOR
set animation = monk_stand_to_run_90
[2.4620] DEBUG:[IdleState] ---> [StandToRunState], t[Go]
[2.8960] DEBUG:[StandToRunState] ---> [MoveState], t[Continue]
[4.0030] DEBUG:[MoveState] ---> [RunToStandState], t[Stop]
[4.5180] DEBUG:[RunToStandState] ---> [IdleState], t[Continue]
set animation = monk_stand_to_run_90
[4.5200] DEBUG:[IdleState] ---> [StandToRunState], t[Go]
[4.9550] DEBUG:[StandToRunState] ---> [MoveState], t[Continue]
[4.9600] DEBUG:[MoveState] ---> [RunTurn180State], t[Turn180]
[5.4510] DEBUG:[RunTurn180State] ---> [MoveState], t[Continue]
freeze scene update
[6.5930] DEBUG:[MoveState] ---> [RunTurn180State], t[Turn180]
[7.1030] DEBUG:[RunTurn180State] ---> [MoveState], t[Continue]
freeze scene update
[11.5370] DEBUG:[MoveState] ---> [RunToStandState], t[Stop]
[12.0510] DEBUG:[RunToStandState] ---> [IdleState], t[Continue]
set animation = monk_stand_to_run_45
[13.4360] DEBUG:[IdleState] ---> [StandToRunState], t[Go]
[13.8720] DEBUG:[StandToRunState] ---> [MoveState], t[Continue]
[16.3010] DEBUG:[MoveState] ---> [RunToStandState], t[Stop]
[16.8020] DEBUG:[RunToStandState] ---> [IdleState], t[Continue]
set animation = monk_stand_to_run_180
[16.8280] DEBUG:[IdleState] ---> [StandToRunState], t[Go]
[17.3320] DEBUG:[StandToRunState] ---> [MoveState], t[Continue]
[19.4440] DEBUG:[MoveState] ---> [RunTurn180State], t[Turn180]
[19.9530] DEBUG:[RunTurn180State] ---> [MoveState], t[Continue]
freeze scene update
[23.4230] DEBUG:[MoveState] ---> [RunToStandState], t[Stop]
[23.9370] DEBUG:[RunToStandState] ---> [IdleState], t[Continue]
set animation = monk_stand_to_run_90_mirror
[24.9620] DEBUG:[IdleState] ---> [StandToRunState], t[Go]
[25.3960] DEBUG:[StandToRunState] ---> [MoveState], t[Continue]
[25.7810] DEBUG:[MoveState] ---> [RunToStandState], t[Stop]
[26.2890] DEBUG:[RunToStandState] ---> [IdleState], t[Continue]
set animation = monk_stand_to_run_180
[26.2910] DEBUG:[IdleState] ---> [StandToRunState], t[Go]
[26.7910] DEBUG:[StandToRunState] ---> [MoveState], t[Continue]
[28.2450] DEBUG:[MoveState] ---> [RunTurn180State], t[Turn180]
[28.7580] DEBUG:[RunTurn180State] ---> [MoveState], t[Continue]
freeze scene update
[28.9590] DEBUG:[MoveState] ---> [RunToStandState], t[Stop]
[29.4700] DEBUG:[RunToStandState] ---> [IdleState], t[Continue]
---------------------- Script Stop ----------------------
