[0.0310] INFO:Opened log file Urho3D.log
[0.0320] INFO:Created 3 worker threads
[0.0320] INFO:Added resource path E:/Code/NagaEngine/Urho3D/Bin/CoreData/
[0.0320] INFO:Added resource path E:/Code/NagaEngine/Urho3D/Bin/Data/
[0.0940] INFO:Created Direct3D9 device
[0.1030] INFO:Set screen mode 1024x768 windowed
[0.1030] INFO:Initialized input
[0.1030] DEBUG:+++++++++++++++++++++++ Loading resource Shaders/HLSL/Basic.xml+++++++++++++++++++++++
[0.1040] DEBUG:+++++++++++++++++++++++ Shaders/HLSL/Basic.xml loaded, time cost = 1(MS) +++++++++++++++++++++++
[0.1040] INFO:Initialized user interface
[0.1050] DEBUG:+++++++++++++++++++++++ Loading resource Textures/Ramp.png+++++++++++++++++++++++
[0.1050] DEBUG:+++++++++++++++++++++++ Loading resource Textures/Ramp.xml+++++++++++++++++++++++
[0.1050] DEBUG:+++++++++++++++++++++++ Textures/Ramp.xml loaded, time cost = 0(MS) +++++++++++++++++++++++
[0.1050] DEBUG:+++++++++++++++++++++++ Textures/Ramp.png loaded, time cost = 0(MS) +++++++++++++++++++++++
[0.1050] DEBUG:+++++++++++++++++++++++ Loading resource Textures/Spot.png+++++++++++++++++++++++
[0.1060] DEBUG:+++++++++++++++++++++++ Loading resource Textures/Spot.xml+++++++++++++++++++++++
[0.1070] DEBUG:+++++++++++++++++++++++ Textures/Spot.xml loaded, time cost = 0(MS) +++++++++++++++++++++++
[0.1070] DEBUG:+++++++++++++++++++++++ Textures/Spot.png loaded, time cost = 1(MS) +++++++++++++++++++++++
[0.1070] DEBUG:+++++++++++++++++++++++ Loading resource Materials/Default.xml+++++++++++++++++++++++
[0.1070] DEBUG:+++++++++++++++++++++++ Loading resource Techniques/NoTexture.xml+++++++++++++++++++++++
[0.1080] DEBUG:+++++++++++++++++++++++ Techniques/NoTexture.xml loaded, time cost = 1(MS) +++++++++++++++++++++++
[0.1080] DEBUG:+++++++++++++++++++++++ Materials/Default.xml loaded, time cost = 1(MS) +++++++++++++++++++++++
[0.1080] DEBUG:+++++++++++++++++++++++ Loading resource RenderPaths/Forward.xml+++++++++++++++++++++++
[0.1080] DEBUG:+++++++++++++++++++++++ RenderPaths/Forward.xml loaded, time cost = 0(MS) +++++++++++++++++++++++
[0.1200] INFO:Initialized renderer
[0.1700] INFO:Set audio mode 44100 Hz stereo interpolated
[0.1740] DEBUG:+++++++++++++++++++++++ Loading resource UI/MessageBox.xml+++++++++++++++++++++++
[0.1740] DEBUG:+++++++++++++++++++++++ UI/MessageBox.xml loaded, time cost = 0(MS) +++++++++++++++++++++++
[0.1750] DEBUG:Loading UI layout UI/MessageBox.xml
[0.6880] DEBUG:+++++++++++++++++++++++ Loading resource Scripts/Animation.as+++++++++++++++++++++++
[0.7440] INFO:Scripts/AnimationDebug.as:166,1 Compiling void HandleReplaySliderChanged(StringHash, VariantMap&inout)
[0.7440] WARNING:Scripts/AnimationDebug.as:169,18 Float value truncated in implicit conversion to integer
[0.7800] INFO:Scripts/Animation.as:442,1 Compiling void OnUpdateIdle(float)
[0.7800] WARNING:Scripts/Animation.as:475,56 Float value truncated in implicit conversion to integer
[0.7810] WARNING:Scripts/Animation.as:477,55 Float value truncated in implicit conversion to integer
[0.7880] INFO:Compiled script module Scripts/Animation.as
[0.7890] DEBUG:+++++++++++++++++++++++ Scripts/Animation.as loaded, time cost = 101(MS) +++++++++++++++++++++++
---------------------- Script Start ----------------------
[0.7890] DEBUG:Started watching path E:/Code/NagaEngine/Urho3D/Bin/CoreData/
[0.7900] DEBUG:Started watching path E:/Code/NagaEngine/Urho3D/Bin/Data/
[0.7900] DEBUG:+++++++++++++++++++++++ Loading resource Textures/LogoLarge.jpg+++++++++++++++++++++++
[0.9600] DEBUG:+++++++++++++++++++++++ Loading resource Textures/LogoLarge.xml+++++++++++++++++++++++
[0.9600] DEBUG:+++++++++++++++++++++++ Textures/LogoLarge.xml loaded, time cost = 0(MS) +++++++++++++++++++++++
[1.0170] DEBUG:+++++++++++++++++++++++ Textures/LogoLarge.jpg loaded, time cost = 227(MS) +++++++++++++++++++++++
[1.0180] DEBUG:+++++++++++++++++++++++ Loading resource UI/DefaultStyle.xml+++++++++++++++++++++++
[1.0180] DEBUG:+++++++++++++++++++++++ UI/DefaultStyle.xml loaded, time cost = 0(MS) +++++++++++++++++++++++
[1.0190] DEBUG:+++++++++++++++++++++++ Loading resource Fonts/Anonymous Pro.ttf+++++++++++++++++++++++
[1.0190] DEBUG:+++++++++++++++++++++++ Fonts/Anonymous Pro.ttf loaded, time cost = 0(MS) +++++++++++++++++++++++
[1.0200] DEBUG:Font face Anonymous Pro (11pt) has 624 glyphs
[1.0960] DEBUG:Font face Anonymous Pro (11pt) uses a static page texture of size 512x256
[1.1020] DEBUG:+++++++++++++++++++++++ Loading resource Textures/UI.png+++++++++++++++++++++++
[1.1050] DEBUG:+++++++++++++++++++++++ Loading resource Textures/UI.xml+++++++++++++++++++++++
[1.1050] DEBUG:+++++++++++++++++++++++ Textures/UI.xml loaded, time cost = 0(MS) +++++++++++++++++++++++
[1.1060] DEBUG:+++++++++++++++++++++++ Textures/UI.png loaded, time cost = 4(MS) +++++++++++++++++++++++
[1.1080] DEBUG:+++++++++++++++++++++++ Loading resource Fonts/MesloLGS-Regular.ttf+++++++++++++++++++++++
[1.1090] DEBUG:+++++++++++++++++++++++ Fonts/MesloLGS-Regular.ttf loaded, time cost = 1(MS) +++++++++++++++++++++++
[1.1100] DEBUG:Font face MesloLGS-Regular (11pt) has 2687 glyphs
[1.7580] DEBUG:Font face MesloLGS-Regular (11pt) uses a static page texture of size 1024x512
[1.7590] DEBUG:+++++++++++++++++++++++ Loading resource UI/AnimationControlWindow.xml+++++++++++++++++++++++
[1.7600] DEBUG:+++++++++++++++++++++++ UI/AnimationControlWindow.xml loaded, time cost = 0(MS) +++++++++++++++++++++++
[1.7600] DEBUG:Loading UI layout UI/AnimationControlWindow.xml
[1.7640] INFO:Loading scene from E:/Code/NagaEngine/Urho3D/Bin/Data/Scenes/testScene.xml
[1.7640] DEBUG:+++++++++++++++++++++++ Loading resource Models/Box.mdl+++++++++++++++++++++++
[1.7650] DEBUG:+++++++++++++++++++++++ Models/Box.mdl loaded, time cost = 1(MS) +++++++++++++++++++++++
[1.7650] DEBUG:+++++++++++++++++++++++ Loading resource Materials/Skybox.xml+++++++++++++++++++++++
[1.7650] DEBUG:+++++++++++++++++++++++ Loading resource Techniques/DiffSkybox.xml+++++++++++++++++++++++
[1.7650] DEBUG:+++++++++++++++++++++++ Techniques/DiffSkybox.xml loaded, time cost = 0(MS) +++++++++++++++++++++++
[1.7660] DEBUG:+++++++++++++++++++++++ Loading resource Textures/Skybox.xml+++++++++++++++++++++++
[1.7660] DEBUG:+++++++++++++++++++++++ Loading resource Textures/BrightDay1_PosX.dds+++++++++++++++++++++++
[1.7670] DEBUG:+++++++++++++++++++++++ Textures/BrightDay1_PosX.dds loaded, time cost = 0(MS) +++++++++++++++++++++++
[1.7680] DEBUG:+++++++++++++++++++++++ Loading resource Textures/BrightDay1_NegX.dds+++++++++++++++++++++++
[1.7690] DEBUG:+++++++++++++++++++++++ Textures/BrightDay1_NegX.dds loaded, time cost = 1(MS) +++++++++++++++++++++++
[1.7700] DEBUG:+++++++++++++++++++++++ Loading resource Textures/BrightDay1_PosY.dds+++++++++++++++++++++++
[1.7710] DEBUG:+++++++++++++++++++++++ Textures/BrightDay1_PosY.dds loaded, time cost = 1(MS) +++++++++++++++++++++++
[1.7720] DEBUG:+++++++++++++++++++++++ Loading resource Textures/BrightDay1_NegY.dds+++++++++++++++++++++++
[1.7720] DEBUG:+++++++++++++++++++++++ Textures/BrightDay1_NegY.dds loaded, time cost = 0(MS) +++++++++++++++++++++++
[1.7730] DEBUG:+++++++++++++++++++++++ Loading resource Textures/BrightDay1_PosZ.dds+++++++++++++++++++++++
[1.7740] DEBUG:+++++++++++++++++++++++ Textures/BrightDay1_PosZ.dds loaded, time cost = 1(MS) +++++++++++++++++++++++
[1.7750] DEBUG:+++++++++++++++++++++++ Loading resource Textures/BrightDay1_NegZ.dds+++++++++++++++++++++++
[1.7760] DEBUG:+++++++++++++++++++++++ Textures/BrightDay1_NegZ.dds loaded, time cost = 1(MS) +++++++++++++++++++++++
[1.7760] DEBUG:+++++++++++++++++++++++ Textures/Skybox.xml loaded, time cost = 10(MS) +++++++++++++++++++++++
[1.7770] DEBUG:+++++++++++++++++++++++ Materials/Skybox.xml loaded, time cost = 12(MS) +++++++++++++++++++++++
[1.7770] DEBUG:+++++++++++++++++++++++ Loading resource Materials/StoneTiled.xml+++++++++++++++++++++++
[1.7780] DEBUG:+++++++++++++++++++++++ Loading resource Techniques/DiffNormalPacked.xml+++++++++++++++++++++++
[1.7780] DEBUG:+++++++++++++++++++++++ Techniques/DiffNormalPacked.xml loaded, time cost = 0(MS) +++++++++++++++++++++++
[1.7780] DEBUG:+++++++++++++++++++++++ Loading resource Techniques/Diff.xml+++++++++++++++++++++++
[1.7790] DEBUG:+++++++++++++++++++++++ Techniques/Diff.xml loaded, time cost = 1(MS) +++++++++++++++++++++++
[1.7790] DEBUG:+++++++++++++++++++++++ Loading resource Textures/StoneDiffuse.dds+++++++++++++++++++++++
[1.7810] DEBUG:+++++++++++++++++++++++ Textures/StoneDiffuse.dds loaded, time cost = 2(MS) +++++++++++++++++++++++
[1.7810] DEBUG:+++++++++++++++++++++++ Loading resource Textures/StoneNormal.dds+++++++++++++++++++++++
[1.7850] DEBUG:+++++++++++++++++++++++ Textures/StoneNormal.dds loaded, time cost = 3(MS) +++++++++++++++++++++++
[1.7850] DEBUG:+++++++++++++++++++++++ Materials/StoneTiled.xml loaded, time cost = 8(MS) +++++++++++++++++++++++
[1.7860] DEBUG:+++++++++++++++++++++++ Loading resource monk/monk.mdl+++++++++++++++++++++++
[1.7900] DEBUG:+++++++++++++++++++++++ monk/monk.mdl loaded, time cost = 4(MS) +++++++++++++++++++++++
[1.7910] DEBUG:+++++++++++++++++++++++ Loading resource monk/monk_rig.hkx+++++++++++++++++++++++
[1.7920] DEBUG:+++++++++++++++++++++++ monk/monk_rig.hkx loaded, time cost = 1(MS) +++++++++++++++++++++++
[1.7920] INFO:hkaPose::getRequiredMemorySize = 6400
[1.7930] DEBUG:+++++++++++++++++++++++ Loading resource monk/monk_head.xml+++++++++++++++++++++++
[1.7940] DEBUG:+++++++++++++++++++++++ Loading resource Techniques/DiffNormalSpec.xml+++++++++++++++++++++++
[1.7940] DEBUG:+++++++++++++++++++++++ Techniques/DiffNormalSpec.xml loaded, time cost = 0(MS) +++++++++++++++++++++++
[1.7940] DEBUG:+++++++++++++++++++++++ Loading resource monk/Monk_Head_D.DDS+++++++++++++++++++++++
[1.7960] DEBUG:+++++++++++++++++++++++ monk/Monk_Head_D.DDS loaded, time cost = 1(MS) +++++++++++++++++++++++
[1.7960] DEBUG:+++++++++++++++++++++++ Loading resource monk/Monk_Head_N.DDS+++++++++++++++++++++++
[1.7980] DEBUG:+++++++++++++++++++++++ monk/Monk_Head_N.DDS loaded, time cost = 2(MS) +++++++++++++++++++++++
[1.7980] DEBUG:+++++++++++++++++++++++ Loading resource monk/Monk_Head_S.DDS+++++++++++++++++++++++
[1.7990] DEBUG:+++++++++++++++++++++++ monk/Monk_Head_S.DDS loaded, time cost = 1(MS) +++++++++++++++++++++++
[1.7990] DEBUG:+++++++++++++++++++++++ monk/monk_head.xml loaded, time cost = 5(MS) +++++++++++++++++++++++
[1.7990] ERROR:Could not find resource V
[1.8000] ERROR:Could not find resource monk/
[1.8000] INFO:hkaPose::getRequiredMemorySize = 6400
[1.8010] DEBUG:+++++++++++++++++++++++ Loading resource monk/monk_hair.xml+++++++++++++++++++++++
[1.8020] DEBUG:+++++++++++++++++++++++ Loading resource Techniques/DiffNormalSpecAlphaMask.xml+++++++++++++++++++++++
[1.8020] DEBUG:+++++++++++++++++++++++ Techniques/DiffNormalSpecAlphaMask.xml loaded, time cost = 0(MS) +++++++++++++++++++++++
[1.8020] DEBUG:+++++++++++++++++++++++ Loading resource monk/Monk_Hair_D.DDS+++++++++++++++++++++++
[1.8030] DEBUG:+++++++++++++++++++++++ monk/Monk_Hair_D.DDS loaded, time cost = 1(MS) +++++++++++++++++++++++
[1.8030] DEBUG:+++++++++++++++++++++++ Loading resource monk/Monk_Hair_N.DDS+++++++++++++++++++++++
[1.8040] DEBUG:+++++++++++++++++++++++ monk/Monk_Hair_N.DDS loaded, time cost = 0(MS) +++++++++++++++++++++++
[1.8040] DEBUG:+++++++++++++++++++++++ Loading resource monk/Monk_Hair_S.DDS+++++++++++++++++++++++
[1.8050] DEBUG:+++++++++++++++++++++++ monk/Monk_Hair_S.DDS loaded, time cost = 1(MS) +++++++++++++++++++++++
[1.8050] DEBUG:+++++++++++++++++++++++ monk/monk_hair.xml loaded, time cost = 4(MS) +++++++++++++++++++++++
[1.8060] DEBUG:+++++++++++++++++++++++ Loading resource monk/monk_armor.xml+++++++++++++++++++++++
[1.8060] DEBUG:+++++++++++++++++++++++ Loading resource monk/monk_d.DDS+++++++++++++++++++++++
[1.8090] DEBUG:+++++++++++++++++++++++ monk/monk_d.DDS loaded, time cost = 3(MS) +++++++++++++++++++++++
[1.8090] DEBUG:+++++++++++++++++++++++ Loading resource monk/monk_n.DDS+++++++++++++++++++++++
[1.8120] DEBUG:+++++++++++++++++++++++ monk/monk_n.DDS loaded, time cost = 3(MS) +++++++++++++++++++++++
[1.8120] DEBUG:+++++++++++++++++++++++ Loading resource monk/monk_s.DDS+++++++++++++++++++++++
[1.8130] DEBUG:+++++++++++++++++++++++ monk/monk_s.DDS loaded, time cost = 0(MS) +++++++++++++++++++++++
[1.8140] DEBUG:+++++++++++++++++++++++ monk/monk_armor.xml loaded, time cost = 8(MS) +++++++++++++++++++++++
[1.8140] DEBUG:+++++++++++++++++++++++ Loading resource Models/Sphere.mdl+++++++++++++++++++++++
[1.8140] DEBUG:+++++++++++++++++++++++ Models/Sphere.mdl loaded, time cost = 0(MS) +++++++++++++++++++++++
[1.8150] ERROR:Could not find resource 
[1.8150] DEBUG:+++++++++++++++++++++++ Loading resource Json/BoxShape.json+++++++++++++++++++++++
[1.8150] DEBUG:+++++++++++++++++++++++ Json/BoxShape.json loaded, time cost = 0(MS) +++++++++++++++++++++++
[1.8160] INFO:hkaPose::getRequiredMemorySize = 6400
[1.8170] DEBUG:+++++++++++++++++++++++ Loading resource monk/monk_body.xml+++++++++++++++++++++++
[1.8180] DEBUG:+++++++++++++++++++++++ Loading resource monk/MonkBody_D.DDS+++++++++++++++++++++++
[1.8210] DEBUG:+++++++++++++++++++++++ monk/MonkBody_D.DDS loaded, time cost = 3(MS) +++++++++++++++++++++++
[1.8210] DEBUG:+++++++++++++++++++++++ Loading resource monk/MonkBody_N.DDS+++++++++++++++++++++++
[1.8240] DEBUG:+++++++++++++++++++++++ monk/MonkBody_N.DDS loaded, time cost = 3(MS) +++++++++++++++++++++++
[1.8240] DEBUG:+++++++++++++++++++++++ Loading resource monk/MonkBody_S.DDS+++++++++++++++++++++++
[1.8250] DEBUG:+++++++++++++++++++++++ monk/MonkBody_S.DDS loaded, time cost = 1(MS) +++++++++++++++++++++++
[1.8250] DEBUG:+++++++++++++++++++++++ monk/monk_body.xml loaded, time cost = 7(MS) +++++++++++++++++++++++
[1.8260] DEBUG:+++++++++++++++++++++++ Loading resource Json/CharacerShape.json+++++++++++++++++++++++
[1.8260] DEBUG:+++++++++++++++++++++++ Json/CharacerShape.json loaded, time cost = 0(MS) +++++++++++++++++++++++
[1.8270] DEBUG:+++++++++++++++++++++++ Loading resource Json/Monk_Animation_FSM.json+++++++++++++++++++++++
[1.8270] DEBUG:type = 2, state num = 8
[1.8270] DEBUG:+++++++++++++++++++++++ Loading resource monk/animations/monk_stand_idle.hkx+++++++++++++++++++++++
[1.8280] DEBUG:loaded animation monk/animations/monk_stand_idle.hkx, length = 0.04, frames = 1
[1.8290] DEBUG:ResourceDependency monk/animations/monk_stand_idle.hkx ---> monk/animations/monk_stand_idle.json
[1.8290] ERROR:HavokAnimation Zero sized JSON data in monk/animations/monk_stand_idle.json
[1.8290] DEBUG:+++++++++++++++++++++++ monk/animations/monk_stand_idle.hkx loaded, time cost = 1(MS) +++++++++++++++++++++++
[1.8300] DEBUG:+++++++++++++++++++++++ Loading resource monk/animations/monk_run_0.hkx+++++++++++++++++++++++
[1.8310] DEBUG:loaded animation monk/animations/monk_run_0.hkx, length = 0.67, frames = 20
[1.8310] DEBUG:ResourceDependency monk/animations/monk_run_0.hkx ---> monk/animations/monk_run_0.json
[1.8320] DEBUG:loaded animation trigger id: LeftFoot, time 0.000, type: Beat
[1.8320] DEBUG:loaded animation trigger id: RightFoot, time 0.200, type: Beat
[1.8320] DEBUG:+++++++++++++++++++++++ monk/animations/monk_run_0.hkx loaded, time cost = 2(MS) +++++++++++++++++++++++
[1.8320] DEBUG:+++++++++++++++++++++++ Loading resource monk/animations/monk_run_180.hkx+++++++++++++++++++++++
[1.8340] DEBUG:loaded animation monk/animations/monk_run_180.hkx, length = 1.00, frames = 30
[1.8340] DEBUG:ResourceDependency monk/animations/monk_run_180.hkx ---> monk/animations/monk_run_180.json
[1.8340] DEBUG:loaded animation trigger id: Continue, time 0.500, type: Event
[1.8340] DEBUG:loaded animation trigger id: RightFoot, time 0.500, type: Beat
[1.8340] DEBUG:loaded animation trigger id: LeftFoot, time 0.767, type: Beat
[1.8350] DEBUG:+++++++++++++++++++++++ monk/animations/monk_run_180.hkx loaded, time cost = 2(MS) +++++++++++++++++++++++
[1.8350] DEBUG:+++++++++++++++++++++++ Loading resource monk/animations/monk_stand_to_run_0.hkx+++++++++++++++++++++++
[1.8360] DEBUG:loaded animation monk/animations/monk_stand_to_run_0.hkx, length = 0.80, frames = 24
[1.8360] DEBUG:ResourceDependency monk/animations/monk_stand_to_run_0.hkx ---> monk/animations/monk_stand_to_run_0.json
[1.8370] DEBUG:loaded animation trigger id: RightFoot, time 0.400, type: Beat
[1.8370] DEBUG:+++++++++++++++++++++++ monk/animations/monk_stand_to_run_0.hkx loaded, time cost = 2(MS) +++++++++++++++++++++++
[1.8370] DEBUG:+++++++++++++++++++++++ Loading resource monk/animations/monk_stand_to_run_45.hkx+++++++++++++++++++++++
[1.8380] DEBUG:loaded animation monk/animations/monk_stand_to_run_45.hkx, length = 0.67, frames = 20
[1.8380] DEBUG:ResourceDependency monk/animations/monk_stand_to_run_45.hkx ---> monk/animations/monk_stand_to_run_45.json
[1.8390] DEBUG:loaded animation trigger id: RightFoot, time 0.433, type: Beat
[1.8390] DEBUG:+++++++++++++++++++++++ monk/animations/monk_stand_to_run_45.hkx loaded, time cost = 2(MS) +++++++++++++++++++++++
[1.8390] DEBUG:+++++++++++++++++++++++ Loading resource monk/animations/monk_stand_to_run_90.hkx+++++++++++++++++++++++
[1.8400] DEBUG:loaded animation monk/animations/monk_stand_to_run_90.hkx, length = 0.67, frames = 20
[1.8410] DEBUG:ResourceDependency monk/animations/monk_stand_to_run_90.hkx ---> monk/animations/monk_stand_to_run_90.json
[1.8410] DEBUG:loaded animation trigger id: RightFoot, time 0.433, type: Beat
[1.8410] DEBUG:+++++++++++++++++++++++ monk/animations/monk_stand_to_run_90.hkx loaded, time cost = 2(MS) +++++++++++++++++++++++
[1.8420] DEBUG:+++++++++++++++++++++++ Loading resource monk/animations/monk_stand_to_run_135.hkx+++++++++++++++++++++++
[1.8430] DEBUG:loaded animation monk/animations/monk_stand_to_run_135.hkx, length = 1.13, frames = 33
[1.8430] DEBUG:ResourceDependency monk/animations/monk_stand_to_run_135.hkx ---> monk/animations/monk_stand_to_run_135.json
[1.8440] DEBUG:loaded animation trigger id: RightFoot, time 0.433, type: Beat
[1.8440] DEBUG:loaded animation trigger id: LeftFoot, time 0.667, type: Beat
[1.8440] DEBUG:+++++++++++++++++++++++ monk/animations/monk_stand_to_run_135.hkx loaded, time cost = 2(MS) +++++++++++++++++++++++
[1.8440] DEBUG:+++++++++++++++++++++++ Loading resource monk/animations/monk_stand_to_run_180.hkx+++++++++++++++++++++++
[1.8460] DEBUG:loaded animation monk/animations/monk_stand_to_run_180.hkx, length = 1.13, frames = 33
[1.8460] DEBUG:ResourceDependency monk/animations/monk_stand_to_run_180.hkx ---> monk/animations/monk_stand_to_run_180.json
[1.8460] DEBUG:loaded animation trigger id: RightFoot, time 0.500, type: Beat
[1.8460] DEBUG:loaded animation trigger id: LeftFoot, time 0.733, type: Beat
[1.8470] DEBUG:+++++++++++++++++++++++ monk/animations/monk_stand_to_run_180.hkx loaded, time cost = 3(MS) +++++++++++++++++++++++
[1.8470] DEBUG:+++++++++++++++++++++++ Loading resource monk/animations/monk_run_to_stand.hkx+++++++++++++++++++++++
[1.8480] DEBUG:loaded animation monk/animations/monk_run_to_stand.hkx, length = 1.13, frames = 33
[1.8490] DEBUG:ResourceDependency monk/animations/monk_run_to_stand.hkx ---> monk/animations/monk_run_to_stand.json
[1.8490] DEBUG:loaded animation trigger id: Continue, time 0.500, type: Event
[1.8490] DEBUG:+++++++++++++++++++++++ monk/animations/monk_run_to_stand.hkx loaded, time cost = 2(MS) +++++++++++++++++++++++
[1.8500] DEBUG:+++++++++++++++++++++++ Loading resource monk/animations/monk_walk_0.hkx+++++++++++++++++++++++
[1.8510] DEBUG:loaded animation monk/animations/monk_walk_0.hkx, length = 1.33, frames = 40
[1.8510] DEBUG:ResourceDependency monk/animations/monk_walk_0.hkx ---> monk/animations/monk_walk_0.json
[1.8520] DEBUG:loaded animation trigger id: LeftFoot, time 0.000, type: Beat
[1.8520] DEBUG:loaded animation trigger id: RightFoot, time 0.333, type: Beat
[1.8520] DEBUG:loaded animation trigger id: LeftFoot, time 0.667, type: Beat
[1.8520] DEBUG:+++++++++++++++++++++++ monk/animations/monk_walk_0.hkx loaded, time cost = 2(MS) +++++++++++++++++++++++
[1.8530] DEBUG:+++++++++++++++++++++++ Loading resource monk/animations/monk_stand_to_walk_0.hkx+++++++++++++++++++++++
[1.8540] DEBUG:loaded animation monk/animations/monk_stand_to_walk_0.hkx, length = 1.33, frames = 40
[1.8540] DEBUG:ResourceDependency monk/animations/monk_stand_to_walk_0.hkx ---> monk/animations/monk_stand_to_walk_0.json
[1.8550] DEBUG:loaded animation trigger id: LeftFoot, time 0.000, type: Beat
[1.8550] DEBUG:loaded animation trigger id: RightFoot, time 0.400, type: Beat
[1.8550] DEBUG:loaded animation trigger id: LeftFoot, time 0.933, type: Beat
[1.8550] DEBUG:+++++++++++++++++++++++ monk/animations/monk_stand_to_walk_0.hkx loaded, time cost = 2(MS) +++++++++++++++++++++++
[1.8550] DEBUG:+++++++++++++++++++++++ Loading resource monk/animations/monk_stand_to_walk_45.hkx+++++++++++++++++++++++
[1.8570] DEBUG:loaded animation monk/animations/monk_stand_to_walk_45.hkx, length = 2.37, frames = 70
[1.8570] DEBUG:ResourceDependency monk/animations/monk_stand_to_walk_45.hkx ---> monk/animations/monk_stand_to_walk_45.json
[1.8580] ERROR:Could not find resource monk/animations/monk/animations/
[1.8580] WARNING:animation file no json trigger.
[1.8580] DEBUG:+++++++++++++++++++++++ monk/animations/monk_stand_to_walk_45.hkx loaded, time cost = 3(MS) +++++++++++++++++++++++
[1.8580] DEBUG:+++++++++++++++++++++++ Loading resource monk/animations/monk_stand_to_walk_90.hkx+++++++++++++++++++++++
[1.8600] DEBUG:loaded animation monk/animations/monk_stand_to_walk_90.hkx, length = 2.37, frames = 70
[1.8600] DEBUG:ResourceDependency monk/animations/monk_stand_to_walk_90.hkx ---> monk/animations/monk_stand_to_walk_90.json
[1.8600] DEBUG:loaded animation trigger id: RightFoot, time 0.600, type: Beat
[1.8610] DEBUG:loaded animation trigger id: LeftFoot, time 1.233, type: Beat
[1.8610] DEBUG:+++++++++++++++++++++++ monk/animations/monk_stand_to_walk_90.hkx loaded, time cost = 3(MS) +++++++++++++++++++++++
[1.8610] ERROR:Could not find resource monk_stand_to_wamonk_stand_to_walk_135.hkx
[1.8610] ERROR:Could not find resource monk_stand_to_wamonk_stand_to_walk_180.hkx
[1.8620] DEBUG:+++++++++++++++++++++++ Loading resource monk/animations/monk_stand_to_walk_135.hkx+++++++++++++++++++++++
[1.8640] DEBUG:loaded animation monk/animations/monk_stand_to_walk_135.hkx, length = 2.40, frames = 72
[1.8640] DEBUG:ResourceDependency monk/animations/monk_stand_to_walk_135.hkx ---> monk/animations/monk_stand_to_walk_135.json
[1.8640] DEBUG:loaded animation trigger id: RightFoot, time 0.633, type: Beat
[1.8650] DEBUG:loaded animation trigger id: LeftFoot, time 1.267, type: Beat
[1.8650] DEBUG:loaded animation trigger id: RightFoot, time 1.767, type: Beat
[1.8650] DEBUG:+++++++++++++++++++++++ monk/animations/monk_stand_to_walk_135.hkx loaded, time cost = 3(MS) +++++++++++++++++++++++
[1.8650] ERROR:Could not find resource E:/Code/NagaEngimonk_stand_to_walk_90.hkx
[1.8650] DEBUG:+++++++++++++++++++++++ Loading resource monk/animations/monk_walk_180.hkx+++++++++++++++++++++++
[1.8670] DEBUG:loaded animation monk/animations/monk_walk_180.hkx, length = 2.38, frames = 71
[1.8670] DEBUG:ResourceDependency monk/animations/monk_walk_180.hkx ---> monk/animations/monk_walk_180.json
[1.8680] DEBUG:loaded animation trigger id: Continue, time 0.667, type: Event
[1.8680] DEBUG:loaded animation trigger id: RightFoot, time 0.667, type: Beat
[1.8680] DEBUG:loaded animation trigger id: LeftFoot, time 1.267, type: Beat
[1.8680] DEBUG:loaded animation trigger id: RightFoot, time 1.800, type: Beat
[1.8680] DEBUG:+++++++++++++++++++++++ monk/animations/monk_walk_180.hkx loaded, time cost = 3(MS) +++++++++++++++++++++++
[1.8680] DEBUG:type = 1, state num = 4
[2.2930] DEBUG:FileWatcher::AddChange Scripts/Character1_HipsTranslation.txt
[2.7930] DEBUG:FileWatcher::AddChange Scripts
[3.2930] DEBUG:FileWatcher::AddChange Scripts/Character1_HipsTranslation.txt
[3.7930] DEBUG:FileWatcher::AddChange Scripts/Character1_HipsTranslation.txt
[4.2930] DEBUG:FileWatcher::AddChange Scripts/Character1_HipsTranslation.txt
[4.7930] DEBUG:FileWatcher::AddChange Scripts/Character1_HipsTranslation.txt
